0 info it worked if it ends with ok
1 verbose cli [ 'C:\\dev\\nodejs\\node.exe',
1 verbose cli   'C:\\dev\\nvm\\npm\\node_modules\\npm\\bin\\npm-cli.js',
1 verbose cli   'run',
1 verbose cli   'git' ]
2 info using npm@3.7.5
3 info using node@v6.11.1
4 verbose stack Error: ENOENT: no such file or directory, open 'D:\000-my\004-learning\000-learning_sys\005-node-online\package.json'
4 verbose stack     at Error (native)
5 verbose cwd D:\000-my\004-learning\000-learning_sys\005-node-online
6 error Windows_NT 6.1.7601
7 error argv "C:\\dev\\nodejs\\node.exe" "C:\\dev\\nvm\\npm\\node_modules\\npm\\bin\\npm-cli.js" "run" "git"
8 error node v6.11.1
9 error npm  v3.7.5
10 error path D:\000-my\004-learning\000-learning_sys\005-node-online\package.json
11 error code ENOENT
12 error errno -4058
13 error syscall open
14 error enoent ENOENT: no such file or directory, open 'D:\000-my\004-learning\000-learning_sys\005-node-online\package.json'
15 error enoent ENOENT: no such file or directory, open 'D:\000-my\004-learning\000-learning_sys\005-node-online\package.json'
15 error enoent This is most likely not a problem with npm itself
15 error enoent and is related to npm not being able to find a file.
16 verbose exit [ -4058, true ]
